This is pdfTeX, Version 3.14159265-2.6-1.40.19 (TeX Live 2018/W32TeX) (preloaded format=pdflatex 2018.12.1)  2 DEC 2018 23:15
entering extended mode
 restricted \write18 enabled.
 file:line:error style messages enabled.
 %&-line parsing enabled.
**SIMIOS.tex
(./SIMIOS.tex
LaTeX2e <2018-04-01> patch level 5
(./politex.cls
Document Class: politex 2013/12/29 POLI-USP LaTeX Class
(c:/texlive/2018/texmf-dist/tex/latex/base/inputenc.sty
Package: inputenc 2018/04/06 v1.3b Input encoding file
\inpenc@prehook=\toks14
\inpenc@posthook=\toks15
) (c:/texlive/2018/texmf-dist/tex/latex/base/ifthen.sty
Package: ifthen 2014/09/29 v1.1c Standard LaTeX ifthen package (DPC)
) (c:/texlive/2018/texmf-dist/tex/latex/tools/calc.sty
Package: calc 2017/05/25 v4.3 Infix arithmetic (KKT,FJ)
\calc@Acount=\count80
\calc@Bcount=\count81
\calc@Adimen=\dimen102
\calc@Bdimen=\dimen103
\calc@Askip=\skip41
\calc@Bskip=\skip42
LaTeX Info: Redefining \setlength on input line 80.
LaTeX Info: Redefining \addtolength on input line 81.
\calc@Ccount=\count82
\calc@Cskip=\skip43
) (c:/texlive/2018/texmf-dist/tex/latex/tools/multicol.sty
Package: multicol 2018/04/20 v1.8s multicolumn formatting (FMi)
\c@tracingmulticols=\count83
\mult@box=\box26
\multicol@leftmargin=\dimen104
\c@unbalance=\count84
\c@collectmore=\count85
\doublecol@number=\count86
\multicoltolerance=\count87
\multicolpretolerance=\count88
\full@width=\dimen105
\page@free=\dimen106
\premulticols=\dimen107
\postmulticols=\dimen108
\multicolsep=\skip44
\multicolbaselineskip=\skip45
\partial@page=\box27
\last@line=\box28
\maxbalancingoverflow=\dimen109
\mult@rightbox=\box29
\mult@grightbox=\box30
\mult@gfirstbox=\box31
\mult@firstbox=\box32
\@tempa=\box33
\@tempa=\box34
\@tempa=\box35
\@tempa=\box36
\@tempa=\box37
\@tempa=\box38
\@tempa=\box39
\@tempa=\box40
\@tempa=\box41
\@tempa=\box42
\@tempa=\box43
\@tempa=\box44
\@tempa=\box45
\@tempa=\box46
\@tempa=\box47
\@tempa=\box48
\@tempa=\box49
\c@columnbadness=\count89
\c@finalcolumnbadness=\count90
\last@try=\dimen110
\multicolovershoot=\dimen111
\multicolundershoot=\dimen112
\mult@nat@firstbox=\box50
\colbreak@box=\box51
\mc@col@check@num=\count91
) (c:/texlive/2018/texmf-dist/tex/latex/base/report.cls
Document Class: report 2014/09/29 v1.4h Standard LaTeX document class
(c:/texlive/2018/texmf-dist/tex/latex/base/size12.clo
File: size12.clo 2014/09/29 v1.4h Standard LaTeX file (size option)
)
\c@part=\count92
\c@chapter=\count93
\c@section=\count94
\c@subsection=\count95
\c@subsubsection=\count96
\c@paragraph=\count97
\c@subparagraph=\count98
\c@figure=\count99
\c@table=\count100
\abovecaptionskip=\skip46
\belowcaptionskip=\skip47
\bibindent=\dimen113
) (c:/texlive/2018/texmf-dist/tex/latex/geometry/geometry.sty
Package: geometry 2018/04/16 v5.8 Page Geometry
 (c:/texlive/2018/texmf-dist/tex/latex/graphics/keyval.sty
Package: keyval 2014/10/28 v1.15 key=value parser (DPC)
\KV@toks@=\toks16
) (c:/texlive/2018/texmf-dist/tex/generic/oberdiek/ifpdf.sty
Package: ifpdf 2018/09/07 v3.3 Provides the ifpdf switch
) (c:/texlive/2018/texmf-dist/tex/generic/oberdiek/ifvtex.sty
Package: ifvtex 2016/05/16 v1.6 Detect VTeX and its facilities (HO)
Package ifvtex Info: VTeX not detected.
) (c:/texlive/2018/texmf-dist/tex/generic/ifxetex/ifxetex.sty
Package: ifxetex 2010/09/12 v0.6 Provides ifxetex conditional
)
\Gm@cnth=\count101
\Gm@cntv=\count102
\c@Gm@tempcnt=\count103
\Gm@bindingoffset=\dimen114
\Gm@wd@mp=\dimen115
\Gm@odd@mp=\dimen116
\Gm@even@mp=\dimen117
\Gm@layoutwidth=\dimen118
\Gm@layoutheight=\dimen119
\Gm@layouthoffset=\dimen120
\Gm@layoutvoffset=\dimen121
\Gm@dimlist=\toks17
) (c:/texlive/2018/texmf-dist/tex/latex/fancyhdr/fancyhdr.sty
Package: fancyhdr 2017/06/30 v3.9a Extensive control of page headers and footers
\f@nch@headwidth=\skip48
\f@nch@O@elh=\skip49
\f@nch@O@erh=\skip50
\f@nch@O@olh=\skip51
\f@nch@O@orh=\skip52
\f@nch@O@elf=\skip53
\f@nch@O@erf=\skip54
\f@nch@O@olf=\skip55
\f@nch@O@orf=\skip56
) (c:/texlive/2018/texmf-dist/tex/latex/setspace/setspace.sty
Package: setspace 2011/12/19 v6.7a set line spacing
)
*geometry* verbose mode - [ newgeometry ] result:
* driver: 
* paper: a4paper
* layout: <same size as paper>
* layoutoffset:(h,v)=(0.0pt,0.0pt)
* modes: 
* h-part:(L,W,R)=(89.62709pt, 450.97528pt, 56.9055pt)
* v-part:(T,H,B)=(85.35826pt, 702.78308pt, 56.9055pt)
* \paperwidth=597.50787pt
* \paperheight=845.04684pt
* \textwidth=450.97528pt
* \textheight=702.78308pt
* \oddsidemargin=17.3571pt
* \evensidemargin=17.3571pt
* \topmargin=-22.91173pt
* \headheight=14.0pt
* \headsep=22.0pt
* \topskip=12.0pt
* \footskip=30.0pt
* \marginparwidth=35.0pt
* \marginparsep=10.0pt
* \columnsep=10.0pt
* \skip\footins=10.8pt plus 4.0pt minus 2.0pt
* \hoffset=0.0pt
* \voffset=0.0pt
* \mag=1000
* \@twocolumnfalse
* \@twosidefalse
* \@mparswitchfalse
* \@reversemarginfalse
* (1in=72.27pt=25.4mm, 1cm=28.453pt)

\ABNTanapindent=\skip57
\authorTitleLength=\skip58
\ABNTsignwidth=\skip59
\ABNTsignthickness=\skip60
\ABNTsignskip=\skip61
 (c:/texlive/2018/texmf-dist/tex/latex/tools/indentfirst.sty
Package: indentfirst 1995/11/23 v1.03 Indent first paragraph (DPC)
)) (c:/texlive/2018/texmf-dist/tex/latex/amsmath/amsmath.sty
Package: amsmath 2017/09/02 v2.17a AMS math features
\@mathmargin=\skip62

For additional information on amsmath, use the `?' option.
(c:/texlive/2018/texmf-dist/tex/latex/amsmath/amstext.sty
Package: amstext 2000/06/29 v2.01 AMS text
 (c:/texlive/2018/texmf-dist/tex/latex/amsmath/amsgen.sty
File: amsgen.sty 1999/11/30 v2.0 generic functions
\@emptytoks=\toks18
\ex@=\dimen122
)) (c:/texlive/2018/texmf-dist/tex/latex/amsmath/amsbsy.sty
Package: amsbsy 1999/11/29 v1.2d Bold Symbols
\pmbraise@=\dimen123
) (c:/texlive/2018/texmf-dist/tex/latex/amsmath/amsopn.sty
Package: amsopn 2016/03/08 v2.02 operator names
)
\inf@bad=\count104
LaTeX Info: Redefining \frac on input line 213.
\uproot@=\count105
\leftroot@=\count106
LaTeX Info: Redefining \overline on input line 375.
\classnum@=\count107
\DOTSCASE@=\count108
LaTeX Info: Redefining \ldots on input line 472.
LaTeX Info: Redefining \dots on input line 475.
LaTeX Info: Redefining \cdots on input line 596.
\Mathstrutbox@=\box52
\strutbox@=\box53
\big@size=\dimen124
LaTeX Font Info:    Redeclaring font encoding OML on input line 712.
LaTeX Font Info:    Redeclaring font encoding OMS on input line 713.
\macc@depth=\count109
\c@MaxMatrixCols=\count110
\dotsspace@=\muskip10
\c@parentequation=\count111
\dspbrk@lvl=\count112
\tag@help=\toks19
\row@=\count113
\column@=\count114
\maxfields@=\count115
\andhelp@=\toks20
\eqnshift@=\dimen125
\alignsep@=\dimen126
\tagshift@=\dimen127
\tagwidth@=\dimen128
\totwidth@=\dimen129
\lineht@=\dimen130
\@envbody=\toks21
\multlinegap=\skip63
\multlinetaggap=\skip64
\mathdisplay@stack=\toks22
LaTeX Info: Redefining \[ on input line 2817.
LaTeX Info: Redefining \] on input line 2818.
) (c:/texlive/2018/texmf-dist/tex/latex/amscls/amsthm.sty
Package: amsthm 2017/10/31 v2.20.4
\thm@style=\toks23
\thm@bodyfont=\toks24
\thm@headfont=\toks25
\thm@notefont=\toks26
\thm@headpunct=\toks27
\thm@preskip=\skip65
\thm@postskip=\skip66
\thm@headsep=\skip67
\dth@everypar=\toks28
) (c:/texlive/2018/texmf-dist/tex/latex/amsfonts/amsfonts.sty
Package: amsfonts 2013/01/14 v3.01 Basic AMSFonts support
\symAMSa=\mathgroup4
\symAMSb=\mathgroup5
LaTeX Font Info:    Overwriting math alphabet `\mathfrak' in version `bold'
(Font)                  U/euf/m/n --> U/euf/b/n on input line 106.
) (c:/texlive/2018/texmf-dist/tex/latex/amsfonts/amssymb.sty
Package: amssymb 2013/01/14 v3.01 AMS font symbols
) (c:/texlive/2018/texmf-dist/tex/latex/graphics/graphicx.sty
Package: graphicx 2017/06/01 v1.1a Enhanced LaTeX Graphics (DPC,SPQR)
 (c:/texlive/2018/texmf-dist/tex/latex/graphics/graphics.sty
Package: graphics 2017/06/25 v1.2c Standard LaTeX Graphics (DPC,SPQR)
 (c:/texlive/2018/texmf-dist/tex/latex/graphics/trig.sty
Package: trig 2016/01/03 v1.10 sin cos tan (DPC)
) (c:/texlive/2018/texmf-dist/tex/latex/graphics-cfg/graphics.cfg
File: graphics.cfg 2016/06/04 v1.11 sample graphics configuration
)
Package graphics Info: Driver file: pdftex.def on input line 99.
 (c:/texlive/2018/texmf-dist/tex/latex/graphics-def/pdftex.def
File: pdftex.def 2018/01/08 v1.0l Graphics/color driver for pdftex
))
\Gin@req@height=\dimen131
\Gin@req@width=\dimen132
) (c:/texlive/2018/texmf-dist/tex/latex/cite/cite.sty
LaTeX Info: Redefining \cite on input line 302.
LaTeX Info: Redefining \nocite on input line 332.
Package: cite 2015/02/27  v 5.5
) (c:/texlive/2018/texmf-dist/tex/latex/tools/enumerate.sty
Package: enumerate 2015/07/23 v3.00 enumerate extensions (DPC)
\@enLab=\toks29
) (c:/texlive/2018/texmf-dist/tex/latex/makecell/makecell.sty
Package: makecell 2009/08/03 V0.1e Managing of Tab Column Heads and Cells
 (c:/texlive/2018/texmf-dist/tex/latex/tools/array.sty
Package: array 2018/04/30 v2.4h Tabular extension package (FMi)
\col@sep=\dimen133
\ar@mcellbox=\box54
\extrarowheight=\dimen134
\NC@list=\toks30
\extratabsurround=\skip68
\backup@length=\skip69
\ar@cellbox=\box55
)
\rotheadsize=\dimen135
\c@nlinenum=\count116
\TeXr@lab=\toks31
)
(c:/texlive/2018/texmf-dist/tex/latex/placeins/placeins.sty
Package: placeins 2005/04/18  v 2.2
) (c:/texlive/2018/texmf-dist/tex/latex/enumitem/enumitem.sty
Package: enumitem 2018/11/30 v3.6 Customized lists
\labelindent=\skip70
\enit@outerparindent=\dimen136
\enit@toks=\toks32
\enit@inbox=\box56
\enitdp@description=\count117
) (c:/texlive/2018/texmf-dist/tex/latex/listings/listings.sty
\lst@mode=\count118
\lst@gtempboxa=\box57
\lst@token=\toks33
\lst@length=\count119
\lst@currlwidth=\dimen137
\lst@column=\count120
\lst@pos=\count121
\lst@lostspace=\dimen138
\lst@width=\dimen139
\lst@newlines=\count122
\lst@lineno=\count123
\lst@maxwidth=\dimen140
 (c:/texlive/2018/texmf-dist/tex/latex/listings/lstmisc.sty
File: lstmisc.sty 2018/09/02 1.7 (Carsten Heinz)
\c@lstnumber=\count124
\lst@skipnumbers=\count125
\lst@framebox=\box58
) (c:/texlive/2018/texmf-dist/tex/latex/listings/listings.cfg
File: listings.cfg 2018/09/02 1.7 listings configuration
))
Package: listings 2018/09/02 1.7 (Carsten Heinz)
 (c:/texlive/2018/texmf-dist/tex/latex/graphics/color.sty
Package: color 2016/07/10 v1.1e Standard LaTeX Color (DPC)
 (c:/texlive/2018/texmf-dist/tex/latex/graphics-cfg/color.cfg
File: color.cfg 2016/01/02 v1.6 sample color configuration
)
Package color Info: Driver file: pdftex.def on input line 147.
) (c:/texlive/2018/texmf-dist/tex/latex/listings/lstlang1.sty
File: lstlang1.sty 2018/09/02 1.7 listings language file
) (c:/texlive/2018/texmf-dist/tex/latex/listings/lstmisc.sty
File: lstmisc.sty 2018/09/02 1.7 (Carsten Heinz)
) (c:/texlive/2018/texmf-dist/tex/generic/babel/babel.sty
Package: babel 2018/11/13 3.27 The Babel package
 (c:/texlive/2018/texmf-dist/tex/generic/babel/switch.def
File: switch.def 2018/11/13 3.27 Babel switching mechanism
) (c:/texlive/2018/texmf-dist/tex/generic/babel-portuges/portuges.ldf
Language: portuges 2008/03/18 v1.2q Portuguese support from the babel system
 (c:/texlive/2018/texmf-dist/tex/generic/babel/babel.def
File: babel.def 2018/11/13 3.27 Babel common definitions
\babel@savecnt=\count126
\U@D=\dimen141
 (c:/texlive/2018/texmf-dist/tex/generic/babel/txtbabel.def)
\bbl@dirlevel=\count127
)
\l@brazil = a dialect from \language\l@portuges 
Package babel Info: Making " an active character on input line 145.
)) (c:/texlive/2018/texmf-dist/tex/latex/abntex2/abntex2cite.sty
Package: abntex2cite 2018/11/24 v-1.9.7 abnTeX2
 (c:/texlive/2018/texmf-dist/tex/latex/abntex2/abntex2abrev.sty)
(c:/texlive/2018/texmf-dist/tex/latex/url/url.sty
\Urlmuskip=\muskip11
Package: url 2013/09/16  ver 3.4  Verb mode for urls, etc.
)
\minimumbiblabelwidth=\skip71
\ABCIauxlen=\skip72
\c@ABCIaux=\count128
\c@ABCImax=\count129
 (c:/texlive/2018/texmf-dist/tex/latex/relsize/relsize.sty
Package: relsize 2013/03/29 ver 4.1
)
\biblabelsep=\skip73
LaTeX Info: Redefining \newblock on input line 591.
LaTeX Info: Redefining \cite on input line 862.
LaTeX Info: Redefining \citeonline on input line 866.
\ABCItoken=\toks34
) (c:/texlive/2018/texmf-dist/tex/latex/blindtext/blindtext.sty
Package: blindtext 2012/01/06 V2.0 blindtext-Package
 (c:/texlive/2018/texmf-dist/tex/latex/tools/xspace.sty
Package: xspace 2014/10/28 v1.13 Space after command names (DPC,MH)
)
\c@blindtext=\count130
\c@Blindtext=\count131
\c@blind@countparstart=\count132
\blind@countxx=\count133
\blindtext@numBlindtext=\count134
\blind@countyy=\count135
\c@blindlist=\count136
\c@blindlistlevel=\count137
\c@blindlist@level=\count138
\blind@listitem=\count139
\c@blind@listcount=\count140
\c@blind@levelcount=\count141
\blind@mathformula=\count142
\blind@Mathformula=\count143
\c@blind@randomcount=\count144
\c@blind@randommax=\count145
\c@blind@pangramcount=\count146
\c@blind@pangrammax=\count147
) (./SIMIOS.aux (./agradecimentos.aux) (./resumo.aux) (./abstract.aux) (./introducao.aux) (./aspectos-conceituais.aux) (./metodologia-do-trabalho.aux) (./especificacao-requisitos.aux) (./tecnologias-utilizadas.aux) (./projeto-e-implementacao.aux) (./testes-avaliacao.aux) (./consideracoes-finais.aux) (./apendice1.aux) (./apendice2.aux) (./apendice3.aux) (./apendice4.aux))
\openout1 = `SIMIOS.aux'.

LaTeX Font Info:    Checking defaults for OML/cmm/m/it on input line 107.
LaTeX Font Info:    ... okay on input line 107.
LaTeX Font Info:    Checking defaults for T1/cmr/m/n on input line 107.
LaTeX Font Info:    ... okay on input line 107.
LaTeX Font Info:    Checking defaults for OT1/cmr/m/n on input line 107.
LaTeX Font Info:    ... okay on input line 107.
LaTeX Font Info:    Checking defaults for OMS/cmsy/m/n on input line 107.
LaTeX Font Info:    ... okay on input line 107.
LaTeX Font Info:    Checking defaults for OMX/cmex/m/n on input line 107.
LaTeX Font Info:    ... okay on input line 107.
LaTeX Font Info:    Checking defaults for U/cmr/m/n on input line 107.
LaTeX Font Info:    ... okay on input line 107.

*geometry* driver: auto-detecting
*geometry* detected driver: pdftex
*geometry* verbose mode - [ preamble ] result:
* driver: pdftex
* paper: a4paper
* layout: <same size as paper>
* layoutoffset:(h,v)=(0.0pt,0.0pt)
* modes: 
* h-part:(L,W,R)=(85.35826pt, 455.24411pt, 56.9055pt)
* v-part:(T,H,B)=(85.35826pt, 702.78308pt, 56.9055pt)
* \paperwidth=597.50787pt
* \paperheight=845.04684pt
* \textwidth=455.24411pt
* \textheight=702.78308pt
* \oddsidemargin=13.08827pt
* \evensidemargin=13.08827pt
* \topmargin=-22.91173pt
* \headheight=14.0pt
* \headsep=22.0pt
* \topskip=12.0pt
* \footskip=30.0pt
* \marginparwidth=35.0pt
* \marginparsep=10.0pt
* \columnsep=10.0pt
* \skip\footins=10.8pt plus 4.0pt minus 2.0pt
* \hoffset=0.0pt
* \voffset=0.0pt
* \mag=1000
* \@twocolumnfalse
* \@twosidefalse
* \@mparswitchfalse
* \@reversemarginfalse
* (1in=72.27pt=25.4mm, 1cm=28.453pt)

(c:/texlive/2018/texmf-dist/tex/context/base/mkii/supp-pdf.mkii
[Loading MPS to PDF converter (version 2006.09.02).]
\scratchcounter=\count148
\scratchdimen=\dimen142
\scratchbox=\box59
\nofMPsegments=\count149
\nofMParguments=\count150
\everyMPshowfont=\toks35
\MPscratchCnt=\count151
\MPscratchDim=\dimen143
\MPnumerator=\count152
\makeMPintoPDFobject=\count153
\everyMPtoPDFconversion=\toks36
) (c:/texlive/2018/texmf-dist/tex/latex/oberdiek/epstopdf-base.sty
Package: epstopdf-base 2016/05/15 v2.6 Base part for package epstopdf
 (c:/texlive/2018/texmf-dist/tex/generic/oberdiek/infwarerr.sty
Package: infwarerr 2016/05/16 v1.4 Providing info/warning/error messages (HO)
) (c:/texlive/2018/texmf-dist/tex/latex/oberdiek/grfext.sty
Package: grfext 2016/05/16 v1.2 Manage graphics extensions (HO)
 (c:/texlive/2018/texmf-dist/tex/generic/oberdiek/kvdefinekeys.sty
Package: kvdefinekeys 2016/05/16 v1.4 Define keys (HO)
 (c:/texlive/2018/texmf-dist/tex/generic/oberdiek/ltxcmds.sty
Package: ltxcmds 2016/05/16 v1.23 LaTeX kernel commands for general use (HO)
))) (c:/texlive/2018/texmf-dist/tex/latex/oberdiek/kvoptions.sty
Package: kvoptions 2016/05/16 v3.12 Key value format for package options (HO)
 (c:/texlive/2018/texmf-dist/tex/generic/oberdiek/kvsetkeys.sty
Package: kvsetkeys 2016/05/16 v1.17 Key value parser (HO)
 (c:/texlive/2018/texmf-dist/tex/generic/oberdiek/etexcmds.sty
Package: etexcmds 2016/05/16 v1.6 Avoid name clashes with e-TeX commands (HO)
 (c:/texlive/2018/texmf-dist/tex/generic/oberdiek/ifluatex.sty
Package: ifluatex 2016/05/16 v1.4 Provides the ifluatex switch (HO)
Package ifluatex Info: LuaTeX not detected.
)
Package etexcmds Info: Could not find \expanded.
(etexcmds)             That can mean that you are not using pdfTeX 1.50 or
(etexcmds)             that some package has redefined \expanded.
(etexcmds)             In the latter case, load this package earlier.
))) (c:/texlive/2018/texmf-dist/tex/generic/oberdiek/pdftexcmds.sty
Package: pdftexcmds 2018/09/10 v0.29 Utility functions of pdfTeX for LuaTeX (HO)
Package pdftexcmds Info: LuaTeX not detected.
Package pdftexcmds Info: \pdf@primitive is available.
Package pdftexcmds Info: \pdf@ifprimitive is available.
Package pdftexcmds Info: \pdfdraftmode found.
)
Package epstopdf-base Info: Redefining graphics rule for `.eps' on input line 438.
Package grfext Info: Graphics extension search list:
(grfext)             [.pdf,.png,.jpg,.mps,.jpeg,.jbig2,.jb2,.PDF,.PNG,.JPG,.JPEG,.JBIG2,.JB2,.eps]
(grfext)             \AppendGraphicsExtensions on input line 456.
 (c:/texlive/2018/texmf-dist/tex/latex/latexconfig/epstopdf-sys.cfg
File: epstopdf-sys.cfg 2010/07/13 v1.3 Configuration of (r)epstopdf for TeX Live
))
\c@lstlisting=\count154
 [1


{c:/texlive/2018/texmf-var/fonts/map/pdftex/updmap/pdftex.map}]
Underfull \hbox (badness 10000) in paragraph at lines 110--110

 []

LaTeX Font Info:    Try loading font information for U+msa on input line 110.
(c:/texlive/2018/texmf-dist/tex/latex/amsfonts/umsa.fd
File: umsa.fd 2013/01/14 v3.01 AMS symbols A
)
LaTeX Font Info:    Try loading font information for U+msb on input line 110.
 (c:/texlive/2018/texmf-dist/tex/latex/amsfonts/umsb.fd
File: umsb.fd 2013/01/14 v3.01 AMS symbols B
) [1

]
Underfull \hbox (badness 10000) in paragraph at lines 111--111

 []

[1

] [2


]
\openout2 = `agradecimentos.aux'.

 (./agradecimentos.tex [3



])
Underfull \hbox (badness 10000) in paragraph at lines 140--140

 []


Overfull \hbox (17.97797pt too wide) in paragraph at lines 140--141
[]  $[]$
 []


Underfull \hbox (badness 10000) in paragraph at lines 140--141

 []

[4


]
\openout2 = `resumo.aux'.

 (./resumo.tex [5


])
\openout2 = `abstract.aux'.

 (./abstract.tex [6



]) (./SIMIOS.lof
Overfull \hbox (7.04005pt too wide) in paragraph at lines 10--10
 [][] []\OT1/cmr/m/n/12 Diagrama de clas-ses ge-rado pela fer-ra-menta de en-ge-nha-ria re-versa do MySQL 
 []


Overfull \hbox (0.6119pt too wide) in paragraph at lines 17--17
 [][] []\OT1/cmr/m/n/12 Prot^^Sotipo da \OT1/cmr/m/it/12 ho-me-page \OT1/cmr/m/n/12 au-ten-ti-cada e da tela de lis-ta-gem de usu^^Sarios (Fonte: 
 []

)
\tf@lof=\write3
\openout3 = `SIMIOS.lof'.

 [7


] (./SIMIOS.lot)
\tf@lot=\write4
\openout4 = `SIMIOS.lot'.

 [8

] [9

] (./SIMIOS.toc [10

])
\tf@toc=\write5
\openout5 = `SIMIOS.toc'.

 [11]
\openout2 = `introducao.aux'.

 (./introducao.tex

Package Fancyhdr Warning: \fancyhead's `E' option without twoside option is useless on input line 1.

Cap\'{\i }tulo 1.

Package Fancyhdr Warning: \fancyhead's `E' option without twoside option is useless on input line 15.

[12



] [13]) [14]
\openout2 = `aspectos-conceituais.aux'.

 (./aspectos-conceituais.tex
Cap\'{\i }tulo 2.

Package Fancyhdr Warning: \fancyhead's `E' option without twoside option is useless on input line 18.

[15



] [16]
<./images/ATS1.png, id=64, 196.93575pt x 200.54926pt>
File: ./images/ATS1.png Graphic file (type png)
<use ./images/ATS1.png>
Package pdftex.def Info: ./images/ATS1.png  used on input line 57.
(pdftex.def)             Requested size: 98.46762pt x 100.27437pt.
<./images/ATS2.png, id=66, 142.73325pt x 192.72pt>
File: ./images/ATS2.png Graphic file (type png)
<use ./images/ATS2.png>
Package pdftex.def Info: ./images/ATS2.png  used on input line 57.
(pdftex.def)             Requested size: 71.36644pt x 96.35976pt.
<./images/ATS3.png, id=67, 158.994pt x 184.2885pt>
File: ./images/ATS3.png Graphic file (type png)
<use ./images/ATS3.png>
Package pdftex.def Info: ./images/ATS3.png  used on input line 57.
(pdftex.def)             Requested size: 79.4968pt x 92.14401pt.
 [17]
LaTeX Font Info:    Try loading font information for OMS+cmr on input line 86.
 (c:/texlive/2018/texmf-dist/tex/latex/base/omscmr.fd
File: omscmr.fd 2014/09/29 v2.5h Standard LaTeX font definitions
)
LaTeX Font Info:    Font shape `OMS/cmr/m/n' in size <12> not available
(Font)              Font shape `OMS/cmsy/m/n' tried instead on input line 86.
 [18 <./images/ATS1.PNG> <./images/ATS2.PNG> <./images/ATS3.PNG>]
<./images/trilateracao.png, id=81, 281.25075pt x 232.4685pt>
File: ./images/trilateracao.png Graphic file (type png)
<use ./images/trilateracao.png>
Package pdftex.def Info: ./images/trilateracao.png  used on input line 104.
(pdftex.def)             Requested size: 281.25005pt x 232.46793pt.
 [19 <./images/trilateracao.PNG>]
Overfull \hbox (41.7377pt too wide) in paragraph at lines 119--120
[]  \OT1/cmr/m/n/12 y = $[]$ 
 []


Overfull \hbox (41.7377pt too wide) in paragraph at lines 131--132
[]  \OT1/cmr/m/n/12 y = $[]$ 
 []

<./images/cellbased.png, id=86, 396.48125pt x 402.50375pt>
File: ./images/cellbased.png Graphic file (type png)
<use ./images/cellbased.png>
Package pdftex.def Info: ./images/cellbased.png  used on input line 141.
(pdftex.def)             Requested size: 237.89058pt x 241.5041pt.
[20 <./images/cellbased.png>]
<./images/cellbased-offrange.png, id=91, 469.755pt x 475.7775pt>
File: ./images/cellbased-offrange.png Graphic file (type png)
<use ./images/cellbased-offrange.png>
Package pdftex.def Info: ./images/cellbased-offrange.png  used on input line 150.
(pdftex.def)             Requested size: 328.82626pt x 333.04196pt.
) [21 <./images/cellbased-offrange.png>]
\openout2 = `metodologia-do-trabalho.aux'.

 (./metodologia-do-trabalho.tex
Cap\'{\i }tulo 3.
)

Package Fancyhdr Warning: \fancyhead's `E' option without twoside option is useless on input line 197.

[22



]
\openout2 = `especificacao-requisitos.aux'.

 (./especificacao-requisitos.tex
Cap\'{\i }tulo 4.

Package Fancyhdr Warning: \fancyhead's `E' option without twoside option is useless on input line 13.

[23



]
<./images/esquematico.png, id=103, 602.25pt x 451.6875pt>
File: ./images/esquematico.png Graphic file (type png)
<use ./images/esquematico.png>
Package pdftex.def Info: ./images/esquematico.png  used on input line 18.
(pdftex.def)             Requested size: 421.57211pt x 316.17908pt.
) [24 <./images/esquematico.png>]
\openout2 = `tecnologias-utilizadas.aux'.

 (./tecnologias-utilizadas.tex
Cap\'{\i }tulo 5.
<./images/sensortag.png, id=108, 814.84425pt x 680.5425pt>
File: ./images/sensortag.png Graphic file (type png)
<use ./images/sensortag.png>
Package pdftex.def Info: ./images/sensortag.png  used on input line 14.
(pdftex.def)             Requested size: 407.42113pt x 340.27042pt.

Underfull \hbox (badness 10000) in paragraph at lines 18--19

 []


Package Fancyhdr Warning: \fancyhead's `E' option without twoside option is useless on input line 21.

[25



] [26 <./images/sensortag.png>]) [27]
\openout2 = `projeto-e-implementacao.aux'.

 (./projeto-e-implementacao.tex
Cap\'{\i }tulo 6.
<./images/arquitetura.png, id=119, 405.9165pt x 361.35pt>
File: ./images/arquitetura.png Graphic file (type png)
<use ./images/arquitetura.png>
Package pdftex.def Info: ./images/arquitetura.png  used on input line 9.
(pdftex.def)             Requested size: 284.13962pt x 252.94327pt.

Package Fancyhdr Warning: \fancyhead's `E' option without twoside option is useless on input line 19.

[28



 <./images/arquitetura.PNG>] [29]
Overfull \hbox (13.15356pt too wide) in paragraph at lines 57--58
\OT1/cmr/m/n/12 gens de tras-miss~ao do pro-to-colo uti-li-zado [13]. Tal par^ametro ^^Se Easy-Link\OT1/cmtt/m/n/12 _\OT1/cmr/m/n/12 ms\OT1/cmtt/m/n/12 _\OT1/cmr/m/n/12 To\OT1/cmtt/m/n/12 _\OT1/cmr/m/n/12 RadioTime
 []

[30] [31]
Underfull \hbox (badness 10000) in paragraph at lines 84--87

 []

<./images/SensorTag-arquitetura.png, id=135, 684.5575pt x 634.37pt>
File: ./images/SensorTag-arquitetura.png Graphic file (type png)
<use ./images/SensorTag-arquitetura.png>
Package pdftex.def Info: ./images/SensorTag-arquitetura.png  used on input line 90.
(pdftex.def)             Requested size: 444.95709pt x 412.3356pt.
[32] [33 <./images/sensortag-arquitetura.png>]
<./images/estados-raspberry.png, id=143, 702.625pt x 519.9425pt>
File: ./images/estados-raspberry.png Graphic file (type png)
<use ./images/estados-raspberry.png>
Package pdftex.def Info: ./images/estados-raspberry.png  used on input line 109.
(pdftex.def)             Requested size: 456.70084pt x 337.95862pt.

Overfull \hbox (1.45673pt too wide) in paragraph at lines 109--110
 [][] 
 []

[34 <./images/estados-raspberry.png>]
<./images/simios_db.png, id=148, 564.30824pt x 482.40225pt>
File: ./images/simios_db.png Graphic file (type png)
<use ./images/simios_db.png>
Package pdftex.def Info: ./images/simios_db.png  used on input line 122.
(pdftex.def)             Requested size: 451.4472pt x 385.92232pt.
 [35 <./images/simios_db.png>]
<./images/mapa-do-site.jpg, id=154, 963.6pt x 722.7pt>
File: ./images/mapa-do-site.jpg Graphic file (type jpg)
<use ./images/mapa-do-site.jpg>
Package pdftex.def Info: ./images/mapa-do-site.jpg  used on input line 146.
(pdftex.def)             Requested size: 433.616pt x 325.21199pt.
 [36]) [37 <./images/mapa-do-site.jpg>]
\openout2 = `testes-avaliacao.aux'.

 (./testes-avaliacao.tex
Cap\'{\i }tulo 7.

Package Fancyhdr Warning: \fancyhead's `E' option without twoside option is useless on input line 42.

[38



]
<./images/graph-test-dist.png, id=165, 422.7795pt x 261.97874pt>
File: ./images/graph-test-dist.png Graphic file (type png)
<use ./images/graph-test-dist.png>
Package pdftex.def Info: ./images/graph-test-dist.png  used on input line 45.
(pdftex.def)             Requested size: 333.99214pt x 206.96094pt.
<./images/graph-test-erro.png, id=166, 431.81325pt x 269.808pt>
File: ./images/graph-test-erro.png Graphic file (type png)
<use ./images/graph-test-erro.png>
Package pdftex.def Info: ./images/graph-test-erro.png  used on input line 51.
(pdftex.def)             Requested size: 341.12871pt x 213.14598pt.
) [39 <./images/graph-test-dist.PNG> <./images/graph-test-erro.PNG>]
\openout2 = `consideracoes-finais.aux'.

 (./consideracoes-finais.tex
Cap\'{\i }tulo 8.

Package Fancyhdr Warning: \fancyhead's `E' option without twoside option is useless on input line 10.

[40



] [41] [42]
Overfull \hbox (3.9529pt too wide) in paragraph at lines 32--33
[]\OT1/cmr/m/n/12 Para ou-tros pro-je-tos que pre-ten-dem apro-vei-tar os re-sul-ta-dos deste, fa-cil-mente ^^Se poss^^S^^Pvel
 []

) [43] (./SIMIOS.bbl

Package Fancyhdr Warning: \fancyhead's `E' option without twoside option is useless on input line 93.

[44



]) [45]
\openout2 = `apendice1.aux'.

 (./apendice1.tex
Apendice A.

Package Fancyhdr Warning: \fancyhead's `E' option without twoside option is useless on input line 26.

[46


] [47] [48] [49] [50] [51] [52]) [53] [54]
\openout2 = `apendice2.aux'.

 (./apendice2.tex
Apendice B.
<./images/graph-dist.png, id=222, 407.121pt x 253.54726pt>
File: ./images/graph-dist.png Graphic file (type png)
<use ./images/graph-dist.png>
Package pdftex.def Info: ./images/graph-dist.png  used on input line 34.
(pdftex.def)             Requested size: 372.92207pt x 232.24878pt.

Package Fancyhdr Warning: \fancyhead's `E' option without twoside option is useless on input line 36.

[55



]
<./images/graph-erro.png, id=226, 410.13225pt x 254.1495pt>
File: ./images/graph-erro.png Graphic file (type png)
<use ./images/graph-erro.png>
Package pdftex.def Info: ./images/graph-erro.png  used on input line 40.
(pdftex.def)             Requested size: 377.31998pt x 233.8165pt.
) [56 <./images/graph-dist.PNG>] [57 <./images/graph-erro.PNG>]
\openout2 = `apendice3.aux'.

 (./apendice3.tex
Apendice C.
<./images/fluxo-telas-1.png, id=235, 446.26724pt x 502.2765pt>
File: ./images/fluxo-telas-1.png Graphic file (type png)
<use ./images/fluxo-telas-1.png>
Package pdftex.def Info: ./images/fluxo-telas-1.png  used on input line 7.
(pdftex.def)             Requested size: 357.01427pt x 401.82175pt.
<./images/fluxo-telas-2.png, id=236, 440.24475pt x 502.2765pt>
File: ./images/fluxo-telas-2.png Graphic file (type png)
<use ./images/fluxo-telas-2.png>
Package pdftex.def Info: ./images/fluxo-telas-2.png  used on input line 13.
(pdftex.def)             Requested size: 396.21661pt x 452.04468pt.
<./images/fluxo-telas-3.png, id=237, 448.074pt x 505.89pt>
File: ./images/fluxo-telas-3.png Graphic file (type png)
<use ./images/fluxo-telas-3.png>
Package pdftex.def Info: ./images/fluxo-telas-3.png  used on input line 19.
(pdftex.def)             Requested size: 403.26286pt x 455.29678pt.
<./images/fluxo-telas-4.png, id=238, 448.074pt x 256.5585pt>
File: ./images/fluxo-telas-4.png Graphic file (type png)
<use ./images/fluxo-telas-4.png>
Package pdftex.def Info: ./images/fluxo-telas-4.png  used on input line 25.
(pdftex.def)             Requested size: 403.26286pt x 230.90051pt.
)

Package Fancyhdr Warning: \fancyhead's `E' option without twoside option is useless on input line 225.

[58



 <./images/fluxo-telas-1.PNG>] [59 <./images/fluxo-telas-2.PNG>] [60 <./images/fluxo-telas-3.PNG>] [61 <./images/fluxo-telas-4.PNG>]
\openout2 = `apendice4.aux'.

 (./apendice4.tex
Apendice D.

Package Fancyhdr Warning: \fancyhead's `E' option without twoside option is useless on input line 21.

[62



]) [63] (./SIMIOS.aux (./agradecimentos.aux) (./resumo.aux) (./abstract.aux) (./introducao.aux) (./aspectos-conceituais.aux) (./metodologia-do-trabalho.aux) (./especificacao-requisitos.aux) (./tecnologias-utilizadas.aux) (./projeto-e-implementacao.aux) (./testes-avaliacao.aux) (./consideracoes-finais.aux) (./apendice1.aux) (./apendice2.aux) (./apendice3.aux) (./apendice4.aux)) ) 
Here is how much of TeX's memory you used:
 7445 strings out of 492639
 102930 string characters out of 6133088
 350501 words of memory out of 5000000
 11042 multiletter control sequences out of 15000+600000
 14907 words of font info for 56 fonts, out of 8000000 for 9000
 1141 hyphenation exceptions out of 8191
 41i,20n,49p,1432b,1881s stack positions out of 5000i,500n,10000p,200000b,80000s
<c:/texlive/2018/texmf-dist/fonts/type1/public/amsfonts/cm/cmbx12.pfb><c:/texlive/2018/texmf-dist/fonts/type1/public/amsfonts/cm/cmbx8.pfb><c:/texlive/2018/texmf-dist/fonts/type1/public/amsfonts/cm/cmbxti10.pfb><c:/texlive/2018/texmf-dist/fonts/type1/public/amsfonts/cm/cmmi12.pfb><c:/texlive/2018/texmf-dist/fonts/type1/public/amsfonts/cm/cmr10.pfb><c:/texlive/2018/texmf-dist/fonts/type1/public/amsfonts/cm/cmr12.pfb><c:/texlive/2018/texmf-dist/fonts/type1/public/amsfonts/cm/cmr8.pfb><c:/texlive/2018/texmf-dist/fonts/type1/public/amsfonts/cm/cmsy10.pfb><c:/texlive/2018/texmf-dist/fonts/type1/public/amsfonts/cm/cmt
i12.pfb><c:/texlive/2018/texmf-dist/fonts/type1/public/amsfonts/cm/cmti8.pfb><c:/texlive/2018/texmf-dist/fonts/type1/public/amsfonts/cm/cmtt10.pfb><c:/texlive/2018/texmf-dist/fonts/type1/public/amsfonts/cm/cmtt12.pfb>
Output written on SIMIOS.pdf (65 pages, 2211415 bytes).
PDF statistics:
 304 PDF objects out of 1000 (max. 8388607)
 182 compressed objects within 2 object streams
 0 named destinations out of 1000 (max. 500000)
 106 words of extra memory for PDF output out of 10000 (max. 10000000)

